Arguments: 
  D:\Program Files\node.js\node.exe C:\Users\86137\AppData\Roaming\npm\node_modules\yarn\bin\yarn.js add react react-dom next

PATH: 
  C:\Windows\system32;C:\Windows;C:\Windows\System32\Wbem;C:\Windows\System32\WindowsPowerShell\v1.0\;C:\Windows\System32\OpenSSH\;C:\Program Files (x86)\NVIDIA Corporation\PhysX\Common;C:\Program Files\NVIDIA Corporation\NVIDIA NvDLISR;C:\Program Files (x86)\Microsoft VS Code\bin;C:\Program Files\Microsoft SQL Server\130\Tools\Binn\;"C:\WINDOWSSystem32;C:\WINDOWS;C:\WINDOWSsystem32WBEM";D:\Program Files\nodejs\node_global;D:\Program Files\Git Bash\Git\cmd;%QUARTUS_ROOTDIR%\bin;E:\Program Files Cs\putty\;E:\Program Files Cs\MongoDB\bin;E:\Labview_2018\LABVIEW2018\Shared\LabVIEW CLI;C:\WINDOWS\system32;C:\WINDOWS;C:\WINDOWS\System32\Wbem;C:\WINDOWS\System32\WindowsPowerShell\v1.0\;C:\WINDOWS\System32\OpenSSH\;D:\go\bin;C:\Program Files (x86)\IVI Foundation\VISA\WinNT\Bin\;C:\Program Files\IVI Foundation\VISA\Win64\Bin\;C:\Program Files (x86)\IVI Foundation\VISA\WinNT\Bin;C:\Program Files\Redis\;C:\Program Files\MySQL\MySQL Shell 8.0\bin\;C:\Users\86137\AppData\Local\Microsoft\WindowsApps;C:\Users\86137\AppData\Local\Programs\Microsoft VS Code\bin;D:\Program Files\nodejs\node_global\;D:\Program Files\node.js;D:\modeltech64_10.0c\win64;C:\Users\86137\AppData\Roaming\npm;C:\Users\86137\go\bin;C:\Program Files\Redis;

Yarn version: 
  1.22.10

Node version: 
  12.19.0

Platform: 
  win32 x64

Trace: 
  Error: getaddrinfo ENOTFOUND registry.npmjs.org
      at GetAddrInfoReqWrap.onlookup [as oncomplete] (dns.js:66:26)

npm manifest: 
  {
    "name": "nextdemo",
    "version": "1.0.0",
    "description": "",
    "main": "index.js",
    "scripts": {
      "test": "echo \"Error: no test specified\" && exit 1",
      "dev": "next",
      "build": "next build",
      "start":"next start"
    },
    "author": "",
    "license": "ISC"
  }

yarn manifest: 
  No manifest

Lockfile: 
  No lockfile
